# JRE version: 7.0_25-b30
# Java VM: OpenJDK 64-Bit Server VM (23.7-b01 mixed mode linux-amd64 compressed oops)
Heap
 PSYoungGen      total 36672K, used 5850K [0x00000007d7200000, 0x00000007d9ae0000, 0x0000000800000000)
  eden space 31488K, 2% used [0x00000007d7200000,0x00000007d72ad548,0x00000007d90c0000)
  from space 5184K, 99% used [0x00000007d95d0000,0x00000007d9ad94c0,0x00000007d9ae0000)
  to   space 5184K, 0% used [0x00000007d90c0000,0x00000007d90c0000,0x00000007d95d0000)
 ParOldGen       total 83712K, used 4659K [0x0000000785600000, 0x000000078a7c0000, 0x00000007d7200000)
  object space 83712K, 5% used [0x0000000785600000,0x0000000785a8cc40,0x000000078a7c0000)
 PSPermGen       total 21248K, used 18220K [0x000000077b000000, 0x000000077c4c0000, 0x0000000785600000)
  object space 21248K, 85% used [0x000000077b000000,0x000000077c1cb108,0x000000077c4c0000)
GC Heap History (8 events):
Event: 13.044 GC heap before
{Heap before GC invocations=1 (full 0):
 PSYoungGen      total 36672K, used 30843K [0x00000007d7200000, 0x00000007d9ae0000, 0x0000000800000000)
  eden space 31488K, 97% used [0x00000007d7200000,0x00000007d901ed80,0x00000007d90c0000)
  from space 5184K, 0% used [0x00000007d95d0000,0x00000007d95d0000,0x00000007d9ae0000)
  to   space 5184K, 0% used [0x00000007d90c0000,0x00000007d90c0000,0x00000007d95d0000)
 ParOldGen       total 83712K, used 0K [0x0000000785600000, 0x000000078a7c0000, 0x00000007d7200000)
  object space 83712K, 0% used [0x0000000785600000,0x0000000785600000,0x000000078a7c0000)
 PSPermGen       total 21248K, used 17860K [0x000000077b000000, 0x000000077c4c0000, 0x0000000785600000)
  object space 21248K, 84% used [0x000000077b000000,0x000000077c171338,0x000000077c4c0000)
Event: 13.051 GC heap after
Heap after GC invocations=1 (full 0):
 PSYoungGen      total 36672K, used 5183K [0x00000007d7200000, 0x00000007d9ae0000, 0x0000000800000000)
  eden space 31488K, 0% used [0x00000007d7200000,0x00000007d7200000,0x00000007d90c0000)
  from space 5184K, 99% used [0x00000007d90c0000,0x00000007d95cffa8,0x00000007d95d0000)
  to   space 5184K, 0% used [0x00000007d95d0000,0x00000007d95d0000,0x00000007d9ae0000)
 ParOldGen       total 83712K, used 1908K [0x0000000785600000, 0x000000078a7c0000, 0x00000007d7200000)
  object space 83712K, 2% used [0x0000000785600000,0x00000007857dd050,0x000000078a7c0000)
 PSPermGen       total 21248K, used 17860K [0x000000077b000000, 0x000000077c4c0000, 0x0000000785600000)
  object space 21248K, 84% used [0x000000077b000000,0x000000077c171338,0x000000077c4c0000)
}
Event: 41.408 GC heap before
{Heap before GC invocations=2 (full 0):
 PSYoungGen      total 36672K, used 36671K [0x00000007d7200000, 0x00000007d9ae0000, 0x0000000800000000)
  eden space 31488K, 100% used [0x00000007d7200000,0x00000007d90c0000,0x00000007d90c0000)
  from space 5184K, 99% used [0x00000007d90c0000,0x00000007d95cffa8,0x00000007d95d0000)
  to   space 5184K, 0% used [0x00000007d95d0000,0x00000007d95d0000,0x00000007d9ae0000)
 ParOldGen       total 83712K, used 1908K [0x0000000785600000, 0x000000078a7c0000, 0x00000007d7200000)
  object space 83712K, 2% used [0x0000000785600000,0x00000007857dd050,0x000000078a7c0000)
 PSPermGen       total 21248K, used 17934K [0x000000077b000000, 0x000000077c4c0000, 0x0000000785600000)
  object space 21248K, 84% used [0x000000077b000000,0x000000077c1839b0,0x000000077c4c0000)
Event: 41.413 GC heap after
Heap after GC invocations=2 (full 0):
 PSYoungGen      total 36672K, used 5157K [0x00000007d7200000, 0x00000007d9ae0000, 0x0000000800000000)
  eden space 31488K, 0% used [0x00000007d7200000,0x00000007d7200000,0x00000007d90c0000)
  from space 5184K, 99% used [0x00000007d95d0000,0x00000007d9ad9630,0x00000007d9ae0000)
  to   space 5184K, 0% used [0x00000007d90c0000,0x00000007d90c0000,0x00000007d95d0000)
 ParOldGen       total 83712K, used 4230K [0x0000000785600000, 0x000000078a7c0000, 0x00000007d7200000)
  object space 83712K, 5% used [0x0000000785600000,0x0000000785a21830,0x000000078a7c0000)
 PSPermGen       total 21248K, used 17934K [0x000000077b000000, 0x000000077c4c0000, 0x0000000785600000)
  object space 21248K, 84% used [0x000000077b000000,0x000000077c1839b0,0x000000077c4c0000)
}
Event: 59.460 GC heap before
{Heap before GC invocations=3 (full 0):
 PSYoungGen      total 36672K, used 36645K [0x00000007d7200000, 0x00000007d9ae0000, 0x0000000800000000)
  eden space 31488K, 100% used [0x00000007d7200000,0x00000007d90c0000,0x00000007d90c0000)
  from space 5184K, 99% used [0x00000007d95d0000,0x00000007d9ad9630,0x00000007d9ae0000)
  to   space 5184K, 0% used [0x00000007d90c0000,0x00000007d90c0000,0x00000007d95d0000)
 ParOldGen       total 83712K, used 4230K [0x0000000785600000, 0x000000078a7c0000, 0x00000007d7200000)
  object space 83712K, 5% used [0x0000000785600000,0x0000000785a21830,0x000000078a7c0000)
 PSPermGen       total 21248K, used 18023K [0x000000077b000000, 0x000000077c4c0000, 0x0000000785600000)
  object space 21248K, 84% used [0x000000077b000000,0x000000077c199c60,0x000000077c4c0000)
Event: 59.464 GC heap after
Heap after GC invocations=3 (full 0):
 PSYoungGen      total 36672K, used 5171K [0x00000007d7200000, 0x00000007d9ae0000, 0x0000000800000000)
  eden space 31488K, 0% used [0x00000007d7200000,0x00000007d7200000,0x00000007d90c0000)
  from space 5184K, 99% used [0x00000007d90c0000,0x00000007d95ccfe0,0x00000007d95d0000)
  to   space 5184K, 0% used [0x00000007d95d0000,0x00000007d95d0000,0x00000007d9ae0000)
 ParOldGen       total 83712K, used 4350K [0x0000000785600000, 0x000000078a7c0000, 0x00000007d7200000)
  object space 83712K, 5% used [0x0000000785600000,0x0000000785a3f830,0x000000078a7c0000)
 PSPermGen       total 21248K, used 18023K [0x000000077b000000, 0x000000077c4c0000, 0x0000000785600000)
  object space 21248K, 84% used [0x000000077b000000,0x000000077c199c60,0x000000077c4c0000)
}
Event: 107.242 GC heap before
{Heap before GC invocations=4 (full 0):
 PSYoungGen      total 36672K, used 36659K [0x00000007d7200000, 0x00000007d9ae0000, 0x0000000800000000)
  eden space 31488K, 100% used [0x00000007d7200000,0x00000007d90c0000,0x00000007d90c0000)
  from space 5184K, 99% used [0x00000007d90c0000,0x00000007d95ccfe0,0x00000007d95d0000)
  to   space 5184K, 0% used [0x00000007d95d0000,0x00000007d95d0000,0x00000007d9ae0000)
 ParOldGen       total 83712K, used 4350K [0x0000000785600000, 0x000000078a7c0000, 0x00000007d7200000)
  object space 83712K, 5% used [0x0000000785600000,0x0000000785a3f830,0x000000078a7c0000)
 PSPermGen       total 21248K, used 18207K [0x000000077b000000, 0x000000077c4c0000, 0x0000000785600000)
  object space 21248K, 85% used [0x000000077b000000,0x000000077c1c7d38,0x000000077c4c0000)
Event: 107.246 GC heap after
Heap after GC invocations=4 (full 0):
 PSYoungGen      total 36672K, used 5157K [0x00000007d7200000, 0x00000007d9ae0000, 0x0000000800000000)
  eden space 31488K, 0% used [0x00000007d7200000,0x00000007d7200000,0x00000007d90c0000)
  from space 5184K, 99% used [0x00000007d95d0000,0x00000007d9ad94c0,0x00000007d9ae0000)
  to   space 5184K, 0% used [0x00000007d90c0000,0x00000007d90c0000,0x00000007d95d0000)
 ParOldGen       total 83712K, used 4659K [0x0000000785600000, 0x000000078a7c0000, 0x00000007d7200000)
  object space 83712K, 5% used [0x0000000785600000,0x0000000785a8cc40,0x000000078a7c0000)
 PSPermGen       total 21248K, used 18207K [0x000000077b000000, 0x000000077c4c0000, 0x0000000785600000)
  object space 21248K, 85% used [0x000000077b000000,0x000000077c1c7d38,0x000000077c4c0000)
}

